

Microchip MPLAB XC8 Assembler V2.32 build 20210201212658 
                                                                                                           Sun Jul 18 18:50:31 2021


     1                           	processor	10F200
     2                           	pagewidth 132
     3                           	psect	code,global,class=CODE,delta=2
     4                           	psect	powerup,global,class=CODE,delta=2
     5                           	psect	reset_vec,global,class=CODE,delta=2
     6                           	psect	maintext,global,class=CODE,delta=2
     7                           	psect	reset_wrap,global,class=ENTRY,delta=2
     8                           	psect	text,global,class=CODE,delta=2
     9                           	psect	functab,global,class=ENTRY,delta=2
    10                           	psect	init,global,class=ENTRY,delta=2
    11                           	psect	cinit,global,class=ENTRY,delta=2
    12                           	psect	end_init,global,class=ENTRY,delta=2
    13                           	psect	clrtext,global,class=ENTRY,delta=2
    14                           	psect	jmp_tab,global,class=ENTRY,delta=2
    15                           	psect	strings,global,class=STRING,delta=2
    16                           	psect	stack,global,class=STACK,space=2,delta=1,noexec
    17                           	psect	bank0,global,class=BANK0,space=1,delta=1
    18                           	psect	ram,global,class=RAM,space=1,delta=1
    19                           	psect	abs1,global,class=ABS1,space=1,delta=1
    20                           	psect	common,global,class=COMMON,space=1,delta=1
    21                           	psect	sfr0,global,class=SFR0,space=1,delta=1
    22                           
    23                           	psect	reset_vec
    24  0FF                     reset_vec:
    25  0FF                     	ds	1	;oscillator constant would be pre-programmed here
    26                           
    27                           	psect	maintext
    28                           
    29                           ; Microchip MPLAB XC8 C Compiler V2.32
    30                           ; Copyright (C) 2021 Microchip Technology Inc.
    31                           ; Auto-generated runtime startup code for final link stage.
    32                           ;
    33                           ; Compiler options:
    34                           ;
    35                           ; --chip=10F200 -m --opt=all -g
    36                           ;
    37  0000                     C	set	0
    38  0002                     Z	set	2
    39  0002                     PCL	set	2
    40  0000                     INDF	set	0
    41  0005                     
    42                           	psect	reset_wrap
    43  000                     reset_wrap:
    44  000  0064               	clrf	4	;select bank 0
    45  001  0025               	movwf	5	;calibrate oscillator
    46                           
    47                           	psect	init
    48  002                     start:	
    49                           ; No powerup routine
    50                           
    51                           
    52                           	psect	end_init
    53  002  0A03               	ljmp	start_initialization	;jump to C runtime clear & initialization
    54                           
    55                           	psect	strings
    56  0000                     
    57                           	psect	stack
    58  000                     ___sp:
    59  000                     ___int_sp:


Microchip Technology PIC Macro Assembler V2.32 build 20210201212658 
Symbol Table                                                                                               Sun Jul 18 18:50:31 2021

                 FSR 0004                 ___sp 0000                 _main 0005                 start 0002  
start_initialization 0003            ___stackhi 0000            ___stacklo 0000             ___int_sp 0000  
          reset_wrap 0000             reset_vec 00FF  
